<?xml version="1.0" encoding="UTF-8"?>
<coverage generated="1765464053241" clover="3.2.0">
  <project timestamp="1765464053241" name="All files">
    <metrics statements="238" coveredstatements="201" conditionals="258" coveredconditionals="159" methods="43" coveredmethods="35" elements="539" coveredelements="395" complexity="0" loc="238" ncloc="238" packages="2" files="40" classes="40"/>
    <package name="src">
      <metrics statements="118" coveredstatements="95" conditionals="150" coveredconditionals="99" methods="23" coveredmethods="19"/>
      <file name="capitalize.js" path="C:\Users\Iina\Desktop\TUNI\testaus\software-testing\src\capitalize.js">
        <metrics statements="1" coveredstatements="1" conditionals="0" coveredconditionals="0" methods="1" coveredmethods="1"/>
        <line num="17" count="8" type="stmt"/>
      </file>
      <file name="ceil.js" path="C:\Users\Iina\Desktop\TUNI\testaus\software-testing\src\ceil.js">
        <metrics statements="1" coveredstatements="1" conditionals="0" coveredconditionals="0" methods="0" coveredmethods="0"/>
        <line num="22" count="2" type="stmt"/>
      </file>
      <file name="defaultTo.js" path="C:\Users\Iina\Desktop\TUNI\testaus\software-testing\src\defaultTo.js">
        <metrics statements="1" coveredstatements="1" conditionals="2" coveredconditionals="2" methods="1" coveredmethods="1"/>
        <line num="20" count="26" type="cond" truecount="2" falsecount="0"/>
      </file>
      <file name="eq.js" path="C:\Users\Iina\Desktop\TUNI\testaus\software-testing\src\eq.js">
        <metrics statements="1" coveredstatements="1" conditionals="3" coveredconditionals="3" methods="1" coveredmethods="1"/>
        <line num="32" count="18" type="cond" truecount="3" falsecount="0"/>
      </file>
      <file name="filter.js" path="C:\Users\Iina\Desktop\TUNI\testaus\software-testing\src\filter.js">
        <metrics statements="9" coveredstatements="9" conditionals="4" coveredconditionals="3" methods="1" coveredmethods="1"/>
        <line num="25" count="4" type="stmt"/>
        <line num="26" count="4" type="stmt"/>
        <line num="27" count="4" type="cond" truecount="1" falsecount="1"/>
        <line num="28" count="4" type="stmt"/>
        <line num="30" count="4" type="stmt"/>
        <line num="31" count="10" type="stmt"/>
        <line num="32" count="10" type="cond" truecount="2" falsecount="0"/>
        <line num="33" count="4" type="stmt"/>
        <line num="36" count="4" type="stmt"/>
      </file>
      <file name="get.js" path="C:\Users\Iina\Desktop\TUNI\testaus\software-testing\src\get.js">
        <metrics statements="2" coveredstatements="2" conditionals="4" coveredconditionals="4" methods="1" coveredmethods="1"/>
        <line num="28" count="6" type="cond" truecount="2" falsecount="0"/>
        <line num="29" count="6" type="cond" truecount="2" falsecount="0"/>
      </file>
      <file name="isArguments.js" path="C:\Users\Iina\Desktop\TUNI\testaus\software-testing\src\isArguments.js">
        <metrics statements="1" coveredstatements="0" conditionals="2" coveredconditionals="0" methods="1" coveredmethods="0"/>
        <line num="20" count="0" type="cond" truecount="0" falsecount="2"/>
      </file>
      <file name="isArrayLike.js" path="C:\Users\Iina\Desktop\TUNI\testaus\software-testing\src\isArrayLike.js">
        <metrics statements="1" coveredstatements="1" conditionals="3" coveredconditionals="3" methods="1" coveredmethods="1"/>
        <line num="27" count="16" type="cond" truecount="3" falsecount="0"/>
      </file>
      <file name="isBuffer.js" path="C:\Users\Iina\Desktop\TUNI\testaus\software-testing\src\isBuffer.js">
        <metrics statements="6" coveredstatements="6" conditionals="17" coveredconditionals="7" methods="1" coveredmethods="1"/>
        <line num="4" count="1" type="cond" truecount="1" falsecount="3"/>
        <line num="7" count="1" type="cond" truecount="1" falsecount="4"/>
        <line num="10" count="1" type="cond" truecount="1" falsecount="1"/>
        <line num="13" count="1" type="cond" truecount="1" falsecount="1"/>
        <line num="16" count="1" type="cond" truecount="1" falsecount="1"/>
        <line num="33" count="2" type="cond" truecount="2" falsecount="0"/>
      </file>
      <file name="isEmpty.js" path="C:\Users\Iina\Desktop\TUNI\testaus\software-testing\src\isEmpty.js">
        <metrics statements="14" coveredstatements="13" conditionals="19" coveredconditionals="16" methods="1" coveredmethods="1"/>
        <line num="9" count="1" type="stmt"/>
        <line num="46" count="18" type="cond" truecount="2" falsecount="0"/>
        <line num="47" count="2" type="stmt"/>
        <line num="49" count="16" type="cond" truecount="8" falsecount="1"/>
        <line num="52" count="6" type="stmt"/>
        <line num="54" count="10" type="stmt"/>
        <line num="55" count="10" type="cond" truecount="4" falsecount="0"/>
        <line num="56" count="4" type="stmt"/>
        <line num="58" count="6" type="cond" truecount="1" falsecount="1"/>
        <line num="59" count="0" type="stmt"/>
        <line num="61" count="6" type="stmt"/>
        <line num="62" count="1" type="cond" truecount="1" falsecount="1"/>
        <line num="63" count="1" type="stmt"/>
        <line num="66" count="5" type="stmt"/>
      </file>
      <file name="isLength.js" path="C:\Users\Iina\Desktop\TUNI\testaus\software-testing\src\isLength.js">
        <metrics statements="2" coveredstatements="2" conditionals="4" coveredconditionals="4" methods="1" coveredmethods="1"/>
        <line num="2" count="1" type="stmt"/>
        <line num="29" count="16" type="cond" truecount="4" falsecount="0"/>
      </file>
      <file name="isObject.js" path="C:\Users\Iina\Desktop\TUNI\testaus\software-testing\src\isObject.js">
        <metrics statements="2" coveredstatements="2" conditionals="3" coveredconditionals="3" methods="1" coveredmethods="1"/>
        <line num="25" count="38" type="stmt"/>
        <line num="26" count="38" type="cond" truecount="3" falsecount="0"/>
      </file>
      <file name="isObjectLike.js" path="C:\Users\Iina\Desktop\TUNI\testaus\software-testing\src\isObjectLike.js">
        <metrics statements="1" coveredstatements="1" conditionals="2" coveredconditionals="2" methods="1" coveredmethods="1"/>
        <line num="24" count="2" type="cond" truecount="2" falsecount="0"/>
      </file>
      <file name="isSymbol.js" path="C:\Users\Iina\Desktop\TUNI\testaus\software-testing\src\isSymbol.js">
        <metrics statements="2" coveredstatements="2" conditionals="4" coveredconditionals="4" methods="1" coveredmethods="1"/>
        <line num="19" count="25" type="stmt"/>
        <line num="20" count="25" type="cond" truecount="4" falsecount="0"/>
      </file>
      <file name="isTypedArray.js" path="C:\Users\Iina\Desktop\TUNI\testaus\software-testing\src\isTypedArray.js">
        <metrics statements="5" coveredstatements="4" conditionals="6" coveredconditionals="4" methods="2" coveredmethods="1"/>
        <line num="6" count="1" type="stmt"/>
        <line num="9" count="1" type="cond" truecount="1" falsecount="1"/>
        <line num="26" count="1" type="cond" truecount="1" falsecount="1"/>
        <line num="27" count="0" type="stmt"/>
        <line num="28" count="2" type="cond" truecount="2" falsecount="0"/>
      </file>
      <file name="memoize.js" path="C:\Users\Iina\Desktop\TUNI\testaus\software-testing\src\memoize.js">
        <metrics statements="13" coveredstatements="11" conditionals="13" coveredconditionals="8" methods="2" coveredmethods="2"/>
        <line num="44" count="1" type="cond" truecount="4" falsecount="1"/>
        <line num="45" count="0" type="stmt"/>
        <line num="47" count="1" type="stmt"/>
        <line num="48" count="3" type="cond" truecount="1" falsecount="1"/>
        <line num="49" count="3" type="stmt"/>
        <line num="51" count="3" type="cond" truecount="1" falsecount="1"/>
        <line num="52" count="0" type="stmt"/>
        <line num="54" count="3" type="stmt"/>
        <line num="55" count="3" type="cond" truecount="1" falsecount="1"/>
        <line num="56" count="3" type="stmt"/>
        <line num="58" count="1" type="cond" truecount="1" falsecount="1"/>
        <line num="59" count="1" type="stmt"/>
        <line num="62" count="1" type="stmt"/>
      </file>
      <file name="slice.js" path="C:\Users\Iina\Desktop\TUNI\testaus\software-testing\src\slice.js">
        <metrics statements="16" coveredstatements="0" conditionals="16" coveredconditionals="0" methods="1" coveredmethods="0"/>
        <line num="22" count="0" type="cond" truecount="0" falsecount="2"/>
        <line num="23" count="0" type="cond" truecount="0" falsecount="2"/>
        <line num="24" count="0" type="stmt"/>
        <line num="26" count="0" type="cond" truecount="0" falsecount="2"/>
        <line num="27" count="0" type="cond" truecount="0" falsecount="2"/>
        <line num="29" count="0" type="cond" truecount="0" falsecount="2"/>
        <line num="30" count="0" type="cond" truecount="0" falsecount="2"/>
        <line num="32" count="0" type="cond" truecount="0" falsecount="2"/>
        <line num="33" count="0" type="stmt"/>
        <line num="35" count="0" type="cond" truecount="0" falsecount="2"/>
        <line num="36" count="0" type="stmt"/>
        <line num="38" count="0" type="stmt"/>
        <line num="39" count="0" type="stmt"/>
        <line num="40" count="0" type="stmt"/>
        <line num="41" count="0" type="stmt"/>
        <line num="43" count="0" type="stmt"/>
      </file>
      <file name="toFinite.js" path="C:\Users\Iina\Desktop\TUNI\testaus\software-testing\src\toFinite.js">
        <metrics statements="9" coveredstatements="9" conditionals="12" coveredconditionals="12" methods="1" coveredmethods="1"/>
        <line num="4" count="1" type="stmt"/>
        <line num="5" count="1" type="stmt"/>
        <line num="29" count="18" type="cond" truecount="2" falsecount="0"/>
        <line num="30" count="5" type="cond" truecount="2" falsecount="0"/>
        <line num="32" count="13" type="stmt"/>
        <line num="33" count="13" type="cond" truecount="4" falsecount="0"/>
        <line num="34" count="2" type="cond" truecount="2" falsecount="0"/>
        <line num="35" count="2" type="stmt"/>
        <line num="37" count="11" type="cond" truecount="2" falsecount="0"/>
      </file>
      <file name="toInteger.js" path="C:\Users\Iina\Desktop\TUNI\testaus\software-testing\src\toInteger.js">
        <metrics statements="3" coveredstatements="3" conditionals="2" coveredconditionals="2" methods="1" coveredmethods="1"/>
        <line num="29" count="18" type="stmt"/>
        <line num="30" count="18" type="stmt"/>
        <line num="32" count="18" type="cond" truecount="2" falsecount="0"/>
      </file>
      <file name="toNumber.js" path="C:\Users\Iina\Desktop\TUNI\testaus\software-testing\src\toNumber.js">
        <metrics statements="18" coveredstatements="18" conditionals="22" coveredconditionals="16" methods="1" coveredmethods="1"/>
        <line num="5" count="2" type="stmt"/>
        <line num="8" count="2" type="stmt"/>
        <line num="11" count="2" type="stmt"/>
        <line num="14" count="2" type="stmt"/>
        <line num="17" count="2" type="stmt"/>
        <line num="20" count="2" type="stmt"/>
        <line num="45" count="30" type="cond" truecount="2" falsecount="0"/>
        <line num="46" count="11" type="stmt"/>
        <line num="48" count="19" type="cond" truecount="2" falsecount="0"/>
        <line num="49" count="1" type="stmt"/>
        <line num="51" count="18" type="cond" truecount="2" falsecount="0"/>
        <line num="52" count="4" type="cond" truecount="1" falsecount="1"/>
        <line num="53" count="4" type="cond" truecount="2" falsecount="0"/>
        <line num="55" count="18" type="cond" truecount="2" falsecount="0"/>
        <line num="56" count="4" type="cond" truecount="1" falsecount="1"/>
        <line num="58" count="14" type="stmt"/>
        <line num="59" count="14" type="stmt"/>
        <line num="60" count="14" type="cond" truecount="3" falsecount="1"/>
      </file>
      <file name="toString.js" path="C:\Users\Iina\Desktop\TUNI\testaus\software-testing\src\toString.js">
        <metrics statements="9" coveredstatements="7" conditionals="12" coveredconditionals="6" methods="2" coveredmethods="1"/>
        <line num="4" count="1" type="stmt"/>
        <line num="28" count="8" type="cond" truecount="2" falsecount="0"/>
        <line num="29" count="5" type="stmt"/>
        <line num="31" count="3" type="cond" truecount="1" falsecount="1"/>
        <line num="33" count="0" type="cond" truecount="0" falsecount="2"/>
        <line num="35" count="3" type="cond" truecount="1" falsecount="1"/>
        <line num="36" count="0" type="stmt"/>
        <line num="38" count="3" type="stmt"/>
        <line num="39" count="3" type="cond" truecount="2" falsecount="2"/>
      </file>
      <file name="upperFirst.js" path="C:\Users\Iina\Desktop\TUNI\testaus\software-testing\src\upperFirst.js">
        <metrics statements="1" coveredstatements="1" conditionals="0" coveredconditionals="0" methods="0" coveredmethods="0"/>
        <line num="19" count="1" type="stmt"/>
      </file>
    </package>
    <package name="src..internal">
      <metrics statements="120" coveredstatements="106" conditionals="108" coveredconditionals="60" methods="20" coveredmethods="16"/>
      <file name="asciiToArray.js" path="C:\Users\Iina\Desktop\TUNI\testaus\software-testing\src\.internal\asciiToArray.js">
        <metrics statements="1" coveredstatements="0" conditionals="0" coveredconditionals="0" methods="1" coveredmethods="0"/>
        <line num="9" count="0" type="stmt"/>
      </file>
      <file name="baseGet.js" path="C:\Users\Iina\Desktop\TUNI\testaus\software-testing\src\.internal\baseGet.js">
        <metrics statements="6" coveredstatements="6" conditionals="6" coveredconditionals="6" methods="1" coveredmethods="1"/>
        <line num="13" count="4" type="stmt"/>
        <line num="15" count="4" type="stmt"/>
        <line num="16" count="4" type="stmt"/>
        <line num="18" count="4" type="cond" truecount="2" falsecount="0"/>
        <line num="19" count="11" type="stmt"/>
        <line num="21" count="4" type="cond" truecount="4" falsecount="0"/>
      </file>
      <file name="castPath.js" path="C:\Users\Iina\Desktop\TUNI\testaus\software-testing\src\.internal\castPath.js">
        <metrics statements="3" coveredstatements="3" conditionals="4" coveredconditionals="3" methods="1" coveredmethods="1"/>
        <line num="13" count="4" type="cond" truecount="2" falsecount="0"/>
        <line num="14" count="1" type="stmt"/>
        <line num="16" count="3" type="cond" truecount="1" falsecount="1"/>
      </file>
      <file name="castSlice.js" path="C:\Users\Iina\Desktop\TUNI\testaus\software-testing\src\.internal\castSlice.js">
        <metrics statements="3" coveredstatements="0" conditionals="6" coveredconditionals="0" methods="1" coveredmethods="0"/>
        <line num="13" count="0" type="stmt"/>
        <line num="14" count="0" type="cond" truecount="0" falsecount="2"/>
        <line num="15" count="0" type="cond" truecount="0" falsecount="4"/>
      </file>
      <file name="createCaseFirst.js" path="C:\Users\Iina\Desktop\TUNI\testaus\software-testing\src\.internal\createCaseFirst.js">
        <metrics statements="7" coveredstatements="7" conditionals="8" coveredconditionals="5" methods="2" coveredmethods="2"/>
        <line num="13" count="1" type="stmt"/>
        <line num="14" count="8" type="cond" truecount="2" falsecount="0"/>
        <line num="15" count="1" type="stmt"/>
        <line num="18" count="7" type="cond" truecount="1" falsecount="1"/>
        <line num="22" count="7" type="cond" truecount="1" falsecount="1"/>
        <line num="26" count="7" type="cond" truecount="1" falsecount="1"/>
        <line num="30" count="7" type="stmt"/>
      </file>
      <file name="createRound.js" path="C:\Users\Iina\Desktop\TUNI\testaus\software-testing\src\.internal\createRound.js">
        <metrics statements="9" coveredstatements="9" conditionals="6" coveredconditionals="6" methods="2" coveredmethods="2"/>
        <line num="9" count="2" type="stmt"/>
        <line num="10" count="2" type="stmt"/>
        <line num="11" count="42" type="cond" truecount="4" falsecount="0"/>
        <line num="12" count="42" type="cond" truecount="2" falsecount="0"/>
        <line num="15" count="19" type="stmt"/>
        <line num="16" count="19" type="stmt"/>
        <line num="18" count="19" type="stmt"/>
        <line num="19" count="19" type="stmt"/>
        <line num="21" count="23" type="stmt"/>
      </file>
      <file name="freeGlobal.js" path="C:\Users\Iina\Desktop\TUNI\testaus\software-testing\src\.internal\freeGlobal.js">
        <metrics statements="1" coveredstatements="1" conditionals="4" coveredconditionals="4" methods="0" coveredmethods="0"/>
        <line num="2" count="1" type="cond" truecount="4" falsecount="0"/>
      </file>
      <file name="getTag.js" path="C:\Users\Iina\Desktop\TUNI\testaus\software-testing\src\.internal\getTag.js">
        <metrics statements="4" coveredstatements="3" conditionals="4" coveredconditionals="1" methods="1" coveredmethods="1"/>
        <line num="1" count="5" type="stmt"/>
        <line num="11" count="16" type="cond" truecount="1" falsecount="1"/>
        <line num="12" count="0" type="cond" truecount="0" falsecount="2"/>
        <line num="14" count="16" type="stmt"/>
      </file>
      <file name="hasUnicode.js" path="C:\Users\Iina\Desktop\TUNI\testaus\software-testing\src\.internal\hasUnicode.js">
        <metrics statements="11" coveredstatements="11" conditionals="0" coveredconditionals="0" methods="1" coveredmethods="1"/>
        <line num="2" count="1" type="stmt"/>
        <line num="3" count="1" type="stmt"/>
        <line num="4" count="1" type="stmt"/>
        <line num="5" count="1" type="stmt"/>
        <line num="6" count="1" type="stmt"/>
        <line num="7" count="1" type="stmt"/>
        <line num="8" count="1" type="stmt"/>
        <line num="9" count="1" type="stmt"/>
        <line num="12" count="1" type="stmt"/>
        <line num="15" count="1" type="stmt"/>
        <line num="25" count="7" type="stmt"/>
      </file>
      <file name="isKey.js" path="C:\Users\Iina\Desktop\TUNI\testaus\software-testing\src\.internal\isKey.js">
        <metrics statements="8" coveredstatements="6" conditionals="12" coveredconditionals="10" methods="1" coveredmethods="1"/>
        <line num="4" count="1" type="stmt"/>
        <line num="5" count="1" type="stmt"/>
        <line num="16" count="3" type="cond" truecount="1" falsecount="1"/>
        <line num="17" count="0" type="stmt"/>
        <line num="19" count="3" type="stmt"/>
        <line num="20" count="3" type="cond" truecount="5" falsecount="1"/>
        <line num="21" count="0" type="stmt"/>
        <line num="23" count="3" type="cond" truecount="4" falsecount="0"/>
      </file>
      <file name="isPrototype.js" path="C:\Users\Iina\Desktop\TUNI\testaus\software-testing\src\.internal\isPrototype.js">
        <metrics statements="4" coveredstatements="4" conditionals="5" coveredconditionals="5" methods="1" coveredmethods="1"/>
        <line num="2" count="1" type="stmt"/>
        <line num="12" count="6" type="cond" truecount="2" falsecount="0"/>
        <line num="13" count="6" type="cond" truecount="3" falsecount="0"/>
        <line num="15" count="6" type="stmt"/>
      </file>
      <file name="memoizeCapped.js" path="C:\Users\Iina\Desktop\TUNI\testaus\software-testing\src\.internal\memoizeCapped.js">
        <metrics statements="7" coveredstatements="6" conditionals="2" coveredconditionals="1" methods="2" coveredmethods="2"/>
        <line num="4" count="1" type="stmt"/>
        <line num="15" count="1" type="stmt"/>
        <line num="16" count="3" type="stmt"/>
        <line num="17" count="3" type="cond" truecount="1" falsecount="1"/>
        <line num="18" count="0" type="stmt"/>
        <line num="20" count="3" type="stmt"/>
        <line num="23" count="1" type="stmt"/>
      </file>
      <file name="nodeTypes.js" path="C:\Users\Iina\Desktop\TUNI\testaus\software-testing\src\.internal\nodeTypes.js">
        <metrics statements="8" coveredstatements="8" conditionals="21" coveredconditionals="7" methods="1" coveredmethods="1"/>
        <line num="4" count="1" type="cond" truecount="1" falsecount="3"/>
        <line num="7" count="1" type="cond" truecount="1" falsecount="4"/>
        <line num="10" count="1" type="cond" truecount="1" falsecount="1"/>
        <line num="13" count="1" type="cond" truecount="1" falsecount="1"/>
        <line num="16" count="1" type="stmt"/>
        <line num="17" count="1" type="stmt"/>
        <line num="20" count="1" type="cond" truecount="1" falsecount="2"/>
        <line num="21" count="1" type="cond" truecount="1" falsecount="1"/>
      </file>
      <file name="root.js" path="C:\Users\Iina\Desktop\TUNI\testaus\software-testing\src\.internal\root.js">
        <metrics statements="3" coveredstatements="3" conditionals="12" coveredconditionals="6" methods="0" coveredmethods="0"/>
        <line num="5" count="1" type="cond" truecount="4" falsecount="0"/>
        <line num="8" count="1" type="cond" truecount="1" falsecount="3"/>
        <line num="11" count="1" type="cond" truecount="1" falsecount="3"/>
      </file>
      <file name="stringToArray.js" path="C:\Users\Iina\Desktop\TUNI\testaus\software-testing\src\.internal\stringToArray.js">
        <metrics statements="1" coveredstatements="0" conditionals="2" coveredconditionals="0" methods="1" coveredmethods="0"/>
        <line num="13" count="0" type="cond" truecount="0" falsecount="2"/>
      </file>
      <file name="stringToPath.js" path="C:\Users\Iina\Desktop\TUNI\testaus\software-testing\src\.internal\stringToPath.js">
        <metrics statements="15" coveredstatements="13" conditionals="6" coveredconditionals="4" methods="2" coveredmethods="2"/>
        <line num="3" count="1" type="stmt"/>
        <line num="4" count="1" type="stmt"/>
        <line num="5" count="1" type="stmt"/>
        <line num="26" count="1" type="stmt"/>
        <line num="27" count="3" type="stmt"/>
        <line num="28" count="3" type="cond" truecount="1" falsecount="1"/>
        <line num="29" count="0" type="stmt"/>
        <line num="31" count="3" type="stmt"/>
        <line num="32" count="10" type="stmt"/>
        <line num="33" count="10" type="cond" truecount="1" falsecount="1"/>
        <line num="34" count="0" type="stmt"/>
        <line num="36" count="10" type="cond" truecount="2" falsecount="0"/>
        <line num="37" count="1" type="stmt"/>
        <line num="39" count="10" type="stmt"/>
        <line num="41" count="3" type="stmt"/>
      </file>
      <file name="toKey.js" path="C:\Users\Iina\Desktop\TUNI\testaus\software-testing\src\.internal\toKey.js">
        <metrics statements="5" coveredstatements="3" conditionals="8" coveredconditionals="2" methods="1" coveredmethods="1"/>
        <line num="4" count="1" type="stmt"/>
        <line num="14" count="11" type="cond" truecount="2" falsecount="2"/>
        <line num="15" count="11" type="stmt"/>
        <line num="17" count="0" type="stmt"/>
        <line num="18" count="0" type="cond" truecount="0" falsecount="4"/>
      </file>
      <file name="unicodeToArray.js" path="C:\Users\Iina\Desktop\TUNI\testaus\software-testing\src\.internal\unicodeToArray.js">
        <metrics statements="24" coveredstatements="23" conditionals="2" coveredconditionals="0" methods="1" coveredmethods="0"/>
        <line num="2" count="1" type="stmt"/>
        <line num="3" count="1" type="stmt"/>
        <line num="4" count="1" type="stmt"/>
        <line num="5" count="1" type="stmt"/>
        <line num="6" count="1" type="stmt"/>
        <line num="7" count="1" type="stmt"/>
        <line num="8" count="1" type="stmt"/>
        <line num="9" count="1" type="stmt"/>
        <line num="12" count="1" type="stmt"/>
        <line num="13" count="1" type="stmt"/>
        <line num="14" count="1" type="stmt"/>
        <line num="15" count="1" type="stmt"/>
        <line num="16" count="1" type="stmt"/>
        <line num="17" count="1" type="stmt"/>
        <line num="18" count="1" type="stmt"/>
        <line num="19" count="1" type="stmt"/>
        <line num="22" count="1" type="stmt"/>
        <line num="23" count="1" type="stmt"/>
        <line num="24" count="1" type="stmt"/>
        <line num="25" count="1" type="stmt"/>
        <line num="26" count="1" type="stmt"/>
        <line num="27" count="1" type="stmt"/>
        <line num="30" count="1" type="stmt"/>
        <line num="40" count="0" type="cond" truecount="0" falsecount="2"/>
      </file>
    </package>
  </project>
</coverage>
