TN:
SF:src\capitalize.js
FN:17,(anonymous_0)
FNF:1
FNH:1
FNDA:8,(anonymous_0)
DA:17,8
LF:1
LH:1
BRF:0
BRH:0
end_of_record
TN:
SF:src\ceil.js
FNF:0
FNH:0
DA:22,2
LF:1
LH:1
BRF:0
BRH:0
end_of_record
TN:
SF:src\defaultTo.js
FN:19,defaultTo
FNF:1
FNH:1
FNDA:26,defaultTo
DA:20,26
LF:1
LH:1
BRDA:20,0,0,6
BRDA:20,0,1,20
BRF:2
BRH:2
end_of_record
TN:
SF:src\eq.js
FN:31,eq
FNF:1
FNH:1
FNDA:18,eq
DA:32,18
LF:1
LH:1
BRDA:32,0,0,18
BRDA:32,0,1,8
BRDA:32,0,2,2
BRF:3
BRH:3
end_of_record
TN:
SF:src\filter.js
FN:24,filter
FNF:1
FNH:1
FNDA:4,filter
DA:25,4
DA:26,4
DA:27,4
DA:28,4
DA:30,4
DA:31,10
DA:32,10
DA:33,4
DA:36,4
LF:9
LH:9
BRDA:27,0,0,0
BRDA:27,0,1,4
BRDA:32,1,0,4
BRDA:32,1,1,6
BRF:4
BRH:3
end_of_record
TN:
SF:src\get.js
FN:27,get
FNF:1
FNH:1
FNDA:6,get
DA:28,6
DA:29,6
LF:2
LH:2
BRDA:28,0,0,2
BRDA:28,0,1,4
BRDA:29,1,0,4
BRDA:29,1,1,2
BRF:4
BRH:4
end_of_record
TN:
SF:src\isArguments.js
FN:19,isArguments
FNF:1
FNH:0
FNDA:0,isArguments
DA:20,0
LF:1
LH:0
BRDA:20,0,0,0
BRDA:20,0,1,0
BRF:2
BRH:0
end_of_record
TN:
SF:src\isArrayLike.js
FN:26,isArrayLike
FNF:1
FNH:1
FNDA:16,isArrayLike
DA:27,16
LF:1
LH:1
BRDA:27,0,0,16
BRDA:27,0,1,16
BRDA:27,0,2,16
BRF:3
BRH:3
end_of_record
TN:
SF:src\isBuffer.js
FN:33,(anonymous_0)
FNF:1
FNH:1
FNDA:2,(anonymous_0)
DA:4,1
DA:7,1
DA:10,1
DA:13,1
DA:16,1
DA:33,2
LF:6
LH:6
BRDA:4,0,0,1
BRDA:4,0,1,0
BRDA:4,0,2,0
BRDA:4,0,3,0
BRDA:7,1,0,1
BRDA:7,1,1,0
BRDA:7,1,2,0
BRDA:7,1,3,0
BRDA:7,1,4,0
BRDA:10,2,0,1
BRDA:10,2,1,0
BRDA:13,3,0,0
BRDA:13,3,1,1
BRDA:16,4,0,0
BRDA:16,4,1,1
BRDA:33,5,0,1
BRDA:33,5,1,1
BRF:17
BRH:7
end_of_record
TN:
SF:src\isEmpty.js
FN:45,isEmpty
FNF:1
FNH:1
FNDA:18,isEmpty
DA:9,1
DA:46,18
DA:47,2
DA:49,16
DA:52,6
DA:54,10
DA:55,10
DA:56,4
DA:58,6
DA:59,0
DA:61,6
DA:62,1
DA:63,1
DA:66,5
LF:14
LH:13
BRDA:46,0,0,2
BRDA:46,0,1,16
BRDA:49,1,0,6
BRDA:49,1,1,10
BRDA:49,2,0,16
BRDA:49,2,1,6
BRDA:49,2,2,4
BRDA:49,2,3,2
BRDA:49,2,4,2
BRDA:49,2,5,2
BRDA:49,2,6,0
BRDA:55,3,0,4
BRDA:55,3,1,6
BRDA:55,4,0,10
BRDA:55,4,1,8
BRDA:58,5,0,0
BRDA:58,5,1,6
BRDA:62,6,0,1
BRDA:62,6,1,0
BRF:19
BRH:16
end_of_record
TN:
SF:src\isLength.js
FN:28,isLength
FNF:1
FNH:1
FNDA:16,isLength
DA:2,1
DA:29,16
LF:2
LH:2
BRDA:29,0,0,16
BRDA:29,0,1,6
BRDA:29,0,2,6
BRDA:29,0,3,6
BRF:4
BRH:4
end_of_record
TN:
SF:src\isObject.js
FN:24,isObject
FNF:1
FNH:1
FNDA:38,isObject
DA:25,38
DA:26,38
LF:2
LH:2
BRDA:26,0,0,38
BRDA:26,0,1,34
BRDA:26,0,2,21
BRF:3
BRH:3
end_of_record
TN:
SF:src\isObjectLike.js
FN:23,isObjectLike
FNF:1
FNH:1
FNDA:2,isObjectLike
DA:24,2
LF:1
LH:1
BRDA:24,0,0,2
BRDA:24,0,1,2
BRF:2
BRH:2
end_of_record
TN:
SF:src\isSymbol.js
FN:18,isSymbol
FNF:1
FNH:1
FNDA:25,isSymbol
DA:19,25
DA:20,25
LF:2
LH:2
BRDA:20,0,0,25
BRDA:20,0,1,24
BRDA:20,0,2,6
BRDA:20,0,3,4
BRF:4
BRH:4
end_of_record
TN:
SF:src\isTypedArray.js
FN:27,(anonymous_0)
FN:28,(anonymous_1)
FNF:2
FNH:1
FNDA:0,(anonymous_0)
FNDA:2,(anonymous_1)
DA:6,1
DA:9,1
DA:26,1
DA:27,0
DA:28,2
LF:5
LH:4
BRDA:9,0,0,1
BRDA:9,0,1,0
BRDA:26,1,0,0
BRDA:26,1,1,1
BRDA:28,2,0,2
BRDA:28,2,1,2
BRF:6
BRH:4
end_of_record
TN:
SF:src\memoize.js
FN:43,memoize
FN:47,(anonymous_1)
FNF:2
FNH:2
FNDA:1,memoize
FNDA:3,(anonymous_1)
DA:44,1
DA:45,0
DA:47,1
DA:48,3
DA:49,3
DA:51,3
DA:52,0
DA:54,3
DA:55,3
DA:56,3
DA:58,1
DA:59,1
DA:62,1
LF:13
LH:11
BRDA:44,0,0,0
BRDA:44,0,1,1
BRDA:44,1,0,1
BRDA:44,1,1,1
BRDA:44,1,2,1
BRDA:48,2,0,3
BRDA:48,2,1,0
BRDA:51,3,0,0
BRDA:51,3,1,3
BRDA:55,4,0,3
BRDA:55,4,1,0
BRDA:58,5,0,1
BRDA:58,5,1,0
BRF:13
BRH:8
end_of_record
TN:
SF:src\slice.js
FN:21,slice
FNF:1
FNH:0
FNDA:0,slice
DA:22,0
DA:23,0
DA:24,0
DA:26,0
DA:27,0
DA:29,0
DA:30,0
DA:32,0
DA:33,0
DA:35,0
DA:36,0
DA:38,0
DA:39,0
DA:40,0
DA:41,0
DA:43,0
LF:16
LH:0
BRDA:22,0,0,0
BRDA:22,0,1,0
BRDA:23,1,0,0
BRDA:23,1,1,0
BRDA:26,2,0,0
BRDA:26,2,1,0
BRDA:27,3,0,0
BRDA:27,3,1,0
BRDA:29,4,0,0
BRDA:29,4,1,0
BRDA:30,5,0,0
BRDA:30,5,1,0
BRDA:32,6,0,0
BRDA:32,6,1,0
BRDA:35,7,0,0
BRDA:35,7,1,0
BRF:16
BRH:0
end_of_record
TN:
SF:src\toFinite.js
FN:28,toFinite
FNF:1
FNH:1
FNDA:18,toFinite
DA:4,1
DA:5,1
DA:29,18
DA:30,5
DA:32,13
DA:33,13
DA:34,2
DA:35,2
DA:37,11
LF:9
LH:9
BRDA:29,0,0,5
BRDA:29,0,1,13
BRDA:30,1,0,1
BRDA:30,1,1,4
BRDA:33,2,0,2
BRDA:33,2,1,11
BRDA:33,3,0,13
BRDA:33,3,1,12
BRDA:34,4,0,1
BRDA:34,4,1,1
BRDA:37,5,0,9
BRDA:37,5,1,2
BRF:12
BRH:12
end_of_record
TN:
SF:src\toInteger.js
FN:28,toInteger
FNF:1
FNH:1
FNDA:18,toInteger
DA:29,18
DA:30,18
DA:32,18
LF:3
LH:3
BRDA:32,0,0,5
BRDA:32,0,1,13
BRF:2
BRH:2
end_of_record
TN:
SF:src\toNumber.js
FN:44,toNumber
FNF:1
FNH:1
FNDA:30,toNumber
DA:5,2
DA:8,2
DA:11,2
DA:14,2
DA:17,2
DA:20,2
DA:45,30
DA:46,11
DA:48,19
DA:49,1
DA:51,18
DA:52,4
DA:53,4
DA:55,18
DA:56,4
DA:58,14
DA:59,14
DA:60,14
LF:18
LH:18
BRDA:45,0,0,11
BRDA:45,0,1,19
BRDA:48,1,0,1
BRDA:48,1,1,18
BRDA:51,2,0,4
BRDA:51,2,1,14
BRDA:52,3,0,4
BRDA:52,3,1,0
BRDA:53,4,0,2
BRDA:53,4,1,2
BRDA:55,5,0,4
BRDA:55,5,1,14
BRDA:56,6,0,0
BRDA:56,6,1,4
BRDA:60,7,0,0
BRDA:60,7,1,14
BRDA:60,8,0,14
BRDA:60,8,1,14
BRDA:61,9,0,0
BRDA:61,9,1,0
BRDA:62,10,0,0
BRDA:62,10,1,14
BRF:22
BRH:16
end_of_record
TN:
SF:src\toString.js
FN:25,toString
FN:33,(anonymous_1)
FNF:2
FNH:1
FNDA:8,toString
FNDA:0,(anonymous_1)
DA:4,1
DA:28,8
DA:29,5
DA:31,3
DA:33,0
DA:35,3
DA:36,0
DA:38,3
DA:39,3
LF:9
LH:7
BRDA:28,0,0,5
BRDA:28,0,1,3
BRDA:31,1,0,0
BRDA:31,1,1,3
BRDA:33,2,0,0
BRDA:33,2,1,0
BRDA:35,3,0,0
BRDA:35,3,1,3
BRDA:39,4,0,0
BRDA:39,4,1,3
BRDA:39,5,0,3
BRDA:39,5,1,0
BRF:12
BRH:6
end_of_record
TN:
SF:src\upperFirst.js
FNF:0
FNH:0
DA:19,1
LF:1
LH:1
BRF:0
BRH:0
end_of_record
TN:
SF:src\.internal\asciiToArray.js
FN:8,asciiToArray
FNF:1
FNH:0
FNDA:0,asciiToArray
DA:9,0
LF:1
LH:0
BRF:0
BRH:0
end_of_record
TN:
SF:src\.internal\baseGet.js
FN:12,baseGet
FNF:1
FNH:1
FNDA:4,baseGet
DA:13,4
DA:15,4
DA:16,4
DA:18,4
DA:19,11
DA:21,4
LF:6
LH:6
BRDA:18,0,0,15
BRDA:18,0,1,13
BRDA:21,1,0,2
BRDA:21,1,1,2
BRDA:21,2,0,4
BRDA:21,2,1,4
BRF:6
BRH:6
end_of_record
TN:
SF:src\.internal\castPath.js
FN:12,castPath
FNF:1
FNH:1
FNDA:4,castPath
DA:13,4
DA:14,1
DA:16,3
LF:3
LH:3
BRDA:13,0,0,1
BRDA:13,0,1,3
BRDA:16,1,0,0
BRDA:16,1,1,3
BRF:4
BRH:3
end_of_record
TN:
SF:src\.internal\castSlice.js
FN:12,castSlice
FNF:1
FNH:0
FNDA:0,castSlice
DA:13,0
DA:14,0
DA:15,0
LF:3
LH:0
BRDA:14,0,0,0
BRDA:14,0,1,0
BRDA:15,1,0,0
BRDA:15,1,1,0
BRDA:15,2,0,0
BRDA:15,2,1,0
BRF:6
BRH:0
end_of_record
TN:
SF:src\.internal\createCaseFirst.js
FN:12,createCaseFirst
FN:13,(anonymous_1)
FNF:2
FNH:2
FNDA:1,createCaseFirst
FNDA:8,(anonymous_1)
DA:13,1
DA:14,8
DA:15,1
DA:18,7
DA:22,7
DA:26,7
DA:30,7
LF:7
LH:7
BRDA:14,0,0,1
BRDA:14,0,1,7
BRDA:18,1,0,0
BRDA:18,1,1,7
BRDA:22,2,0,0
BRDA:22,2,1,7
BRDA:26,3,0,0
BRDA:26,3,1,7
BRF:8
BRH:5
end_of_record
TN:
SF:src\.internal\createRound.js
FN:8,createRound
FN:10,(anonymous_1)
FNF:2
FNH:2
FNDA:2,createRound
FNDA:42,(anonymous_1)
DA:9,2
DA:10,2
DA:11,42
DA:12,42
DA:15,19
DA:16,19
DA:18,19
DA:19,19
DA:21,23
LF:9
LH:9
BRDA:11,0,0,23
BRDA:11,0,1,19
BRDA:11,1,0,10
BRDA:11,1,1,9
BRDA:12,2,0,19
BRDA:12,2,1,23
BRF:6
BRH:6
end_of_record
TN:
SF:src\.internal\freeGlobal.js
FNF:0
FNH:0
DA:2,1
LF:1
LH:1
BRDA:2,0,0,1
BRDA:2,0,1,1
BRDA:2,0,2,1
BRDA:2,0,3,1
BRF:4
BRH:4
end_of_record
TN:
SF:src\.internal\getTag.js
FN:10,getTag
FNF:1
FNH:1
FNDA:16,getTag
DA:1,5
DA:11,16
DA:12,0
DA:14,16
LF:4
LH:3
BRDA:11,0,0,0
BRDA:11,0,1,16
BRDA:12,1,0,0
BRDA:12,1,1,0
BRF:4
BRH:1
end_of_record
TN:
SF:src\.internal\hasUnicode.js
FN:24,hasUnicode
FNF:1
FNH:1
FNDA:7,hasUnicode
DA:2,1
DA:3,1
DA:4,1
DA:5,1
DA:6,1
DA:7,1
DA:8,1
DA:9,1
DA:12,1
DA:15,1
DA:25,7
LF:11
LH:11
BRF:0
BRH:0
end_of_record
TN:
SF:src\.internal\isKey.js
FN:15,isKey
FNF:1
FNH:1
FNDA:3,isKey
DA:4,1
DA:5,1
DA:16,3
DA:17,0
DA:19,3
DA:20,3
DA:21,0
DA:23,3
LF:8
LH:6
BRDA:16,0,0,0
BRDA:16,0,1,3
BRDA:20,1,0,0
BRDA:20,1,1,3
BRDA:20,2,0,3
BRDA:20,2,1,3
BRDA:20,2,2,3
BRDA:20,2,3,3
BRDA:23,3,0,3
BRDA:23,3,1,3
BRDA:23,3,2,3
BRDA:23,3,3,3
BRF:12
BRH:10
end_of_record
TN:
SF:src\.internal\isPrototype.js
FN:11,isPrototype
FNF:1
FNH:1
FNDA:6,isPrototype
DA:2,1
DA:12,6
DA:13,6
DA:15,6
LF:4
LH:4
BRDA:12,0,0,6
BRDA:12,0,1,4
BRDA:13,1,0,6
BRDA:13,1,1,4
BRDA:13,1,2,2
BRF:5
BRH:5
end_of_record
TN:
SF:src\.internal\memoizeCapped.js
FN:14,memoizeCapped
FN:15,(anonymous_1)
FNF:2
FNH:2
FNDA:1,memoizeCapped
FNDA:3,(anonymous_1)
DA:4,1
DA:15,1
DA:16,3
DA:17,3
DA:18,0
DA:20,3
DA:23,1
LF:7
LH:6
BRDA:17,0,0,0
BRDA:17,0,1,3
BRF:2
BRH:1
end_of_record
TN:
SF:src\.internal\nodeTypes.js
FN:16,(anonymous_0)
FNF:1
FNH:1
FNDA:1,(anonymous_0)
DA:4,1
DA:7,1
DA:10,1
DA:13,1
DA:16,1
DA:17,1
DA:20,1
DA:21,1
LF:8
LH:8
BRDA:4,0,0,1
BRDA:4,0,1,0
BRDA:4,0,2,0
BRDA:4,0,3,0
BRDA:7,1,0,1
BRDA:7,1,1,0
BRDA:7,1,2,0
BRDA:7,1,3,0
BRDA:7,1,4,0
BRDA:10,2,0,1
BRDA:10,2,1,0
BRDA:13,3,0,1
BRDA:13,3,1,0
BRDA:20,4,0,1
BRDA:20,4,1,0
BRDA:20,4,2,0
BRDA:21,5,0,0
BRDA:21,5,1,1
BRDA:24,6,0,1
BRDA:24,6,1,0
BRDA:24,6,2,0
BRF:21
BRH:7
end_of_record
TN:
SF:src\.internal\root.js
FNF:0
FNH:0
DA:5,1
DA:8,1
DA:11,1
LF:3
LH:3
BRDA:5,0,0,1
BRDA:5,0,1,1
BRDA:5,0,2,1
BRDA:5,0,3,1
BRDA:8,1,0,1
BRDA:8,1,1,0
BRDA:8,1,2,0
BRDA:8,1,3,0
BRDA:11,2,0,1
BRDA:11,2,1,0
BRDA:11,2,2,0
BRDA:11,2,3,0
BRF:12
BRH:6
end_of_record
TN:
SF:src\.internal\stringToArray.js
FN:12,stringToArray
FNF:1
FNH:0
FNDA:0,stringToArray
DA:13,0
LF:1
LH:0
BRDA:13,0,0,0
BRDA:13,0,1,0
BRF:2
BRH:0
end_of_record
TN:
SF:src\.internal\stringToPath.js
FN:26,(anonymous_0)
FN:31,(anonymous_1)
FNF:2
FNH:2
FNDA:3,(anonymous_0)
FNDA:10,(anonymous_1)
DA:3,1
DA:4,1
DA:5,1
DA:26,1
DA:27,3
DA:28,3
DA:29,0
DA:31,3
DA:32,10
DA:33,10
DA:34,0
DA:36,10
DA:37,1
DA:39,10
DA:41,3
LF:15
LH:13
BRDA:28,0,0,0
BRDA:28,0,1,3
BRDA:33,1,0,0
BRDA:33,1,1,10
BRDA:36,2,0,1
BRDA:36,2,1,9
BRF:6
BRH:4
end_of_record
TN:
SF:src\.internal\toKey.js
FN:13,toKey
FNF:1
FNH:1
FNDA:11,toKey
DA:4,1
DA:14,11
DA:15,11
DA:17,0
DA:18,0
LF:5
LH:3
BRDA:14,0,0,11
BRDA:14,0,1,0
BRDA:14,1,0,11
BRDA:14,1,1,0
BRDA:18,2,0,0
BRDA:18,2,1,0
BRDA:18,3,0,0
BRDA:18,3,1,0
BRF:8
BRH:2
end_of_record
TN:
SF:src\.internal\unicodeToArray.js
FN:39,unicodeToArray
FNF:1
FNH:0
FNDA:0,unicodeToArray
DA:2,1
DA:3,1
DA:4,1
DA:5,1
DA:6,1
DA:7,1
DA:8,1
DA:9,1
DA:12,1
DA:13,1
DA:14,1
DA:15,1
DA:16,1
DA:17,1
DA:18,1
DA:19,1
DA:22,1
DA:23,1
DA:24,1
DA:25,1
DA:26,1
DA:27,1
DA:30,1
DA:40,0
LF:24
LH:23
BRDA:40,0,0,0
BRDA:40,0,1,0
BRF:2
BRH:0
end_of_record
